<?xml version="1.0" encoding="UTF-8"?>
<testng-results ignored="25" total="27" passed="2" failed="0" skipped="0">
  <reporter-output>
  </reporter-output>
  <suite started-at="2020-08-05T18:44:46 IST" name="Default suite" finished-at="2020-08-05T18:48:00 IST" duration-ms="194140">
    <groups>
    </groups>
    <test started-at="2020-08-05T18:44:46 IST" name="Default test" finished-at="2020-08-05T18:48:00 IST" duration-ms="194140">
      <class name="BAE_ROAD_TESTCASES.HomePage_BaeRoad">
        <test-method is-config="true" signature="browserlaunch()[pri:0, instance:BAE_ROAD_TESTCASES.HomePage_BaeRoad@6a03bcb1]" started-at="2020-08-05T18:44:46 IST" name="browserlaunch" finished-at="2020-08-05T18:45:14 IST" duration-ms="27903" status="PASS">
          <reporter-output>
          </reporter-output>
        </test-method> <!-- browserlaunch -->
        <test-method signature="SuccefulLogin()[pri:1, instance:BAE_ROAD_TESTCASES.HomePage_BaeRoad@6a03bcb1]" started-at="2020-08-05T18:45:14 IST" name="SuccefulLogin" finished-at="2020-08-05T18:45:15 IST" duration-ms="621" status="PASS">
          <reporter-output>
          </reporter-output>
        </test-method> <!-- SuccefulLogin -->
        <test-method is-config="true" signature="browserclose()[pri:0, instance:BAE_ROAD_TESTCASES.HomePage_BaeRoad@6a03bcb1]" started-at="2020-08-05T18:45:15 IST" name="browserclose" finished-at="2020-08-05T18:45:20 IST" duration-ms="4947" status="PASS">
          <reporter-output>
          </reporter-output>
        </test-method> <!-- browserclose -->
        <test-method is-config="true" signature="browserlaunch()[pri:0, instance:BAE_ROAD_TESTCASES.HomePage_BaeRoad@6a03bcb1]" started-at="2020-08-05T18:45:20 IST" name="browserlaunch" finished-at="2020-08-05T18:45:35 IST" duration-ms="15751" status="PASS">
          <reporter-output>
          </reporter-output>
        </test-method> <!-- browserlaunch -->
        <test-method signature="CreateNewGameUploadFreePost()[pri:27, instance:BAE_ROAD_TESTCASES.HomePage_BaeRoad@6a03bcb1]" started-at="2020-08-05T18:45:35 IST" name="CreateNewGameUploadFreePost" finished-at="2020-08-05T18:46:40 IST" duration-ms="64769" status="PASS">
          <reporter-output>
          </reporter-output>
        </test-method> <!-- CreateNewGameUploadFreePost -->
        <test-method is-config="true" signature="browserclose()[pri:0, instance:BAE_ROAD_TESTCASES.HomePage_BaeRoad@6a03bcb1]" started-at="2020-08-05T18:46:40 IST" name="browserclose" finished-at="2020-08-05T18:48:00 IST" duration-ms="80081" status="PASS">
          <reporter-output>
          </reporter-output>
        </test-method> <!-- browserclose -->
      </class> <!-- BAE_ROAD_TESTCASES.HomePage_BaeRoad -->
    </test> <!-- Default test -->
  </suite> <!-- Default suite -->
</testng-results>
