<?xml version="1.0" encoding="UTF-8"?>
<!-- Generated by org.testng.reporters.JUnitXMLReporter -->
<testsuite ignored="0" hostname="DESKTOP-5PGD9M5" failures="0" tests="11" name="LoginPageTest BaeRoad" time="230.353" errors="0" timestamp="2020-08-05T11:07:42 IST">
  <testcase classname="BAE_ROAD_TESTCASES.LoginPage_BaeRoad" name="SuccefulLogin" time="3.036"/>
  <testcase classname="BAE_ROAD_TESTCASES.LoginPage_BaeRoad" name="InvalidUserNameAndPss" time="2.474"/>
  <testcase classname="BAE_ROAD_TESTCASES.LoginPage_BaeRoad" name="ValidUserNameInvalidPss" time="2.549"/>
  <testcase classname="BAE_ROAD_TESTCASES.LoginPage_BaeRoad" name="InvalidUserNameValidPss" time="3.418"/>
  <testcase classname="BAE_ROAD_TESTCASES.LoginPage_BaeRoad" name="ValidUserNameBlankPss" time="2.441"/>
  <testcase classname="BAE_ROAD_TESTCASES.LoginPage_BaeRoad" name="InvalidUserNameBlankPss" time="2.574"/>
  <testcase classname="BAE_ROAD_TESTCASES.LoginPage_BaeRoad" name="BlankUserNameValidpss" time="2.581"/>
  <testcase classname="BAE_ROAD_TESTCASES.LoginPage_BaeRoad" name="BlankUserNameInValidPss" time="2.38"/>
  <testcase classname="BAE_ROAD_TESTCASES.LoginPage_BaeRoad" name="BlankUserNameBlankPss" time="2.301"/>
  <testcase classname="BAE_ROAD_TESTCASES.LoginPage_BaeRoad" name="VerifyValidChangeForgotPassword" time="0.588"/>
  <testcase classname="BAE_ROAD_TESTCASES.LoginPage_BaeRoad" name="VerifyinvalidChangeForgotPassword" time="3.436"/>
</testsuite> <!-- LoginPageTest BaeRoad -->
