<?xml version="1.0" encoding="UTF-8"?>
<!-- Generated by org.testng.reporters.JUnitXMLReporter -->
<testsuite ignored="25" hostname="DESKTOP-5PGD9M5" failures="0" tests="2" name="Default test" time="194.14" errors="0" timestamp="2020-08-05T18:48:03 IST">
  <testcase classname="BAE_ROAD_TESTCASES.HomePage_BaeRoad" name="SuccefulLogin" time="0.621"/>
  <testcase classname="BAE_ROAD_TESTCASES.HomePage_BaeRoad" name="CreateNewGameUploadFreePost" time="64.769"/>
  <testcase classname="BAE_ROAD_TESTCASES.HomePage_BaeRoad" name="InvalidHomePageSearchBoxFunctionalityTesting" time="0.0">
    <ignored/>
  </testcase> <!-- InvalidHomePageSearchBoxFunctionalityTesting -->
  <testcase classname="BAE_ROAD_TESTCASES.HomePage_BaeRoad" name="CreateNewPostmultiuploadsTest" time="0.0">
    <ignored/>
  </testcase> <!-- CreateNewPostmultiuploadsTest -->
  <testcase classname="BAE_ROAD_TESTCASES.HomePage_BaeRoad" name="CreateNewPostWriteTextValidation" time="0.0">
    <ignored/>
  </testcase> <!-- CreateNewPostWriteTextValidation -->
  <testcase classname="BAE_ROAD_TESTCASES.HomePage_BaeRoad" name="ValidHomePageFollowingUI" time="0.0">
    <ignored/>
  </testcase> <!-- ValidHomePageFollowingUI -->
  <testcase classname="BAE_ROAD_TESTCASES.HomePage_BaeRoad" name="HomePageMessageOptionClickTesting" time="0.0">
    <ignored/>
  </testcase> <!-- HomePageMessageOptionClickTesting -->
  <testcase classname="BAE_ROAD_TESTCASES.HomePage_BaeRoad" name="HomePageFollowingOrFollowerNavigateBarCancelTest" time="0.0">
    <ignored/>
  </testcase> <!-- HomePageFollowingOrFollowerNavigateBarCancelTest -->
  <testcase classname="BAE_ROAD_TESTCASES.HomePage_BaeRoad" name="CreatePaidpostWrite" time="0.0">
    <ignored/>
  </testcase> <!-- CreatePaidpostWrite -->
  <testcase classname="BAE_ROAD_TESTCASES.HomePage_BaeRoad" name="ValidHomePageFollowersUI" time="0.0">
    <ignored/>
  </testcase> <!-- ValidHomePageFollowersUI -->
  <testcase classname="BAE_ROAD_TESTCASES.HomePage_BaeRoad" name="HomePageNewPostMessageTest" time="0.0">
    <ignored/>
  </testcase> <!-- HomePageNewPostMessageTest -->
  <testcase classname="BAE_ROAD_TESTCASES.HomePage_BaeRoad" name="HomePageNewPostLikeTest" time="0.0">
    <ignored/>
  </testcase> <!-- HomePageNewPostLikeTest -->
  <testcase classname="BAE_ROAD_TESTCASES.HomePage_BaeRoad" name="EmptyCreateNewPostWrite" time="0.0">
    <ignored/>
  </testcase> <!-- EmptyCreateNewPostWrite -->
  <testcase classname="BAE_ROAD_TESTCASES.HomePage_BaeRoad" name="CreatePaidGamepostWrite" time="0.0">
    <ignored/>
  </testcase> <!-- CreatePaidGamepostWrite -->
  <testcase classname="BAE_ROAD_TESTCASES.HomePage_BaeRoad" name="HomePageSettingsOptionOptionClickTesting" time="0.0">
    <ignored/>
  </testcase> <!-- HomePageSettingsOptionOptionClickTesting -->
  <testcase classname="BAE_ROAD_TESTCASES.HomePage_BaeRoad" name="HomePagePurchaseOptionClickTesting" time="0.0">
    <ignored/>
  </testcase> <!-- HomePagePurchaseOptionClickTesting -->
  <testcase classname="BAE_ROAD_TESTCASES.HomePage_BaeRoad" name="HomePageProfileOptionClickTesting" time="0.0">
    <ignored/>
  </testcase> <!-- HomePageProfileOptionClickTesting -->
  <testcase classname="BAE_ROAD_TESTCASES.HomePage_BaeRoad" name="HomePageCreatedPostDeletion" time="0.0">
    <ignored/>
  </testcase> <!-- HomePageCreatedPostDeletion -->
  <testcase classname="BAE_ROAD_TESTCASES.HomePage_BaeRoad" name="CreateNewGameUploadPaidPost" time="0.0">
    <ignored/>
  </testcase> <!-- CreateNewGameUploadPaidPost -->
  <testcase classname="BAE_ROAD_TESTCASES.HomePage_BaeRoad" name="CreateNewPostImages" time="0.0">
    <ignored/>
  </testcase> <!-- CreateNewPostImages -->
  <testcase classname="BAE_ROAD_TESTCASES.HomePage_BaeRoad" name="InvalidHomePageFollowersUI" time="0.0">
    <ignored/>
  </testcase> <!-- InvalidHomePageFollowersUI -->
  <testcase classname="BAE_ROAD_TESTCASES.HomePage_BaeRoad" name="ValidHomePageSearchBoxFunctionalityTesting" time="0.0">
    <ignored/>
  </testcase> <!-- ValidHomePageSearchBoxFunctionalityTesting -->
  <testcase classname="BAE_ROAD_TESTCASES.HomePage_BaeRoad" name="CreateFreeGamepostWrite" time="0.0">
    <ignored/>
  </testcase> <!-- CreateFreeGamepostWrite -->
  <testcase classname="BAE_ROAD_TESTCASES.HomePage_BaeRoad" name="HomePageNotifictionsOptionClickTesting" time="0.0">
    <ignored/>
  </testcase> <!-- HomePageNotifictionsOptionClickTesting -->
  <testcase classname="BAE_ROAD_TESTCASES.HomePage_BaeRoad" name="InvalidHomePageFollowingUI" time="0.0">
    <ignored/>
  </testcase> <!-- InvalidHomePageFollowingUI -->
  <testcase classname="BAE_ROAD_TESTCASES.HomePage_BaeRoad" name="HomePageCreatedPostEditTest" time="0.0">
    <ignored/>
  </testcase> <!-- HomePageCreatedPostEditTest -->
  <testcase classname="BAE_ROAD_TESTCASES.HomePage_BaeRoad" name="CreateNewPostWrite" time="0.0">
    <ignored/>
  </testcase> <!-- CreateNewPostWrite -->
</testsuite> <!-- Default test -->
