# JRE version: Java(TM) SE Runtime Environment (11.0.2+9) (build 11.0.2+9-LTS)
# Java VM: Java HotSpot(TM) 64-Bit Server VM (11.0.2+9-LTS, mixed mode, tiered, compressed oops, g1 gc, windows-amd64)
Heap:
 garbage-first heap   total 65536K, used 10514K [0x00000000c1a00000, 0x0000000100000000)
  region size 1024K, 9 young (9216K), 3 survivors (3072K)
 Metaspace       used 22547K, capacity 23183K, committed 23296K, reserved 1069056K
  class space    used 2484K, capacity 2719K, committed 2816K, reserved 1048576K
GC Heap History (6 events):
Event: 1.031 GC heap before
{Heap before GC invocations=0 (full 0):
 garbage-first heap   total 65536K, used 14336K [0x00000000c1a00000, 0x0000000100000000)
  region size 1024K, 14 young (14336K), 0 survivors (0K)
 Metaspace       used 12865K, capacity 13166K, committed 13440K, reserved 1060864K
  class space    used 1272K, capacity 1347K, committed 1408K, reserved 1048576K
}
Event: 1.036 GC heap after
{Heap after GC invocations=1 (full 0):
 garbage-first heap   total 65536K, used 2873K [0x00000000c1a00000, 0x0000000100000000)
  region size 1024K, 2 young (2048K), 2 survivors (2048K)
 Metaspace       used 12865K, capacity 13166K, committed 13440K, reserved 1060864K
  class space    used 1272K, capacity 1347K, committed 1408K, reserved 1048576K
}
Event: 1.332 GC heap before
{Heap before GC invocations=1 (full 0):
 garbage-first heap   total 65536K, used 14137K [0x00000000c1a00000, 0x0000000100000000)
  region size 1024K, 13 young (13312K), 2 survivors (2048K)
 Metaspace       used 16535K, capacity 16830K, committed 17024K, reserved 1064960K
  class space    used 1707K, capacity 1843K, committed 1920K, reserved 1048576K
}
Event: 1.337 GC heap after
{Heap after GC invocations=2 (full 0):
 garbage-first heap   total 65536K, used 4589K [0x00000000c1a00000, 0x0000000100000000)
  region size 1024K, 2 young (2048K), 2 survivors (2048K)
 Metaspace       used 16535K, capacity 16830K, committed 17024K, reserved 1064960K
  class space    used 1707K, capacity 1843K, committed 1920K, reserved 1048576K
}
Event: 2.264 GC heap before
{Heap before GC invocations=2 (full 0):
 garbage-first heap   total 65536K, used 14829K [0x00000000c1a00000, 0x0000000100000000)
  region size 1024K, 14 young (14336K), 2 survivors (2048K)
 Metaspace       used 20581K, capacity 21116K, committed 21248K, reserved 1069056K
  class space    used 2269K, capacity 2478K, committed 2560K, reserved 1048576K
}
Event: 2.268 GC heap after
{Heap after GC invocations=3 (full 0):
 garbage-first heap   total 65536K, used 5394K [0x00000000c1a00000, 0x0000000100000000)
  region size 1024K, 3 young (3072K), 3 survivors (3072K)
 Metaspace       used 20581K, capacity 21116K, committed 21248K, reserved 1069056K
  class space    used 2269K, capacity 2478K, committed 2560K, reserved 1048576K
}

