<?xml version="1.0" encoding="UTF-8"?>
<!-- Generated by org.testng.reporters.JUnitXMLReporter -->
<testsuite ignored="10" hostname="DESKTOP-5PGD9M5" failures="1" tests="1" name="LoginPageTest BaeRoad(failed)" time="36.208" errors="0" timestamp="2020-07-12T17:33:25 IST">
  <testcase classname="BAE_ROAD_TESTCASES.LoginPage_BaeRoad" name="VerifyinvalidChangeForgotPassword" time="1.243">
    <failure type="java.lang.AssertionError" message="expected [] but found [Something went wrong. Please try again]">
      <![CDATA[java.lang.AssertionError: expected [] but found [Something went wrong. Please try again]
at BAE_ROAD_TESTCASES.LoginPage_BaeRoad.VerifyinvalidChangeForgotPassword(LoginPage_BaeRoad.java:187)
at java.base/java.util.ArrayList.forEach(ArrayList.java:1540)
... Removed 32 stack frames]]>
    </failure>
  </testcase> <!-- VerifyinvalidChangeForgotPassword -->
  <testcase classname="BAE_ROAD_TESTCASES.LoginPage_BaeRoad" name="InvalidUserNameAndPss" time="0.0">
    <ignored/>
  </testcase> <!-- InvalidUserNameAndPss -->
  <testcase classname="BAE_ROAD_TESTCASES.LoginPage_BaeRoad" name="BlankUserNameValidpss" time="0.0">
    <ignored/>
  </testcase> <!-- BlankUserNameValidpss -->
  <testcase classname="BAE_ROAD_TESTCASES.LoginPage_BaeRoad" name="BlankUserNameInValidPss" time="0.0">
    <ignored/>
  </testcase> <!-- BlankUserNameInValidPss -->
  <testcase classname="BAE_ROAD_TESTCASES.LoginPage_BaeRoad" name="ValidUserNameInvalidPss" time="0.0">
    <ignored/>
  </testcase> <!-- ValidUserNameInvalidPss -->
  <testcase classname="BAE_ROAD_TESTCASES.LoginPage_BaeRoad" name="InvalidUserNameBlankPss" time="0.0">
    <ignored/>
  </testcase> <!-- InvalidUserNameBlankPss -->
  <testcase classname="BAE_ROAD_TESTCASES.LoginPage_BaeRoad" name="ValidUserNameBlankPss" time="0.0">
    <ignored/>
  </testcase> <!-- ValidUserNameBlankPss -->
  <testcase classname="BAE_ROAD_TESTCASES.LoginPage_BaeRoad" name="InvalidUserNameValidPss" time="0.0">
    <ignored/>
  </testcase> <!-- InvalidUserNameValidPss -->
  <testcase classname="BAE_ROAD_TESTCASES.LoginPage_BaeRoad" name="VerifyValidChangeForgotPassword" time="0.0">
    <ignored/>
  </testcase> <!-- VerifyValidChangeForgotPassword -->
  <testcase classname="BAE_ROAD_TESTCASES.LoginPage_BaeRoad" name="SuccefulLogin" time="0.0">
    <ignored/>
  </testcase> <!-- SuccefulLogin -->
  <testcase classname="BAE_ROAD_TESTCASES.LoginPage_BaeRoad" name="BlankUserNameBlankPss" time="0.0">
    <ignored/>
  </testcase> <!-- BlankUserNameBlankPss -->
</testsuite> <!-- LoginPageTest BaeRoad(failed) -->
