<?xml version="1.0" encoding="UTF-8"?>
<!-- Generated by org.testng.reporters.JUnitXMLReporter -->
<testsuite ignored="16" hostname="DESKTOP-5PGD9M5" failures="1" tests="1" name="MessagePageTest BaeRoad(failed)" time="63.669" errors="0" timestamp="2020-08-05T12:19:29 IST">
  <testcase classname="BAE_ROAD_TESTCASES.MessagePage_BaeRoad" name="MessageOptionMessageEmptyWritePostFunctionalityTest" time="22.967">
    <failure type="java.lang.AssertionError" message="expected [] but found [Post Cannot be Empty]">
      <![CDATA[java.lang.AssertionError: expected [] but found [Post Cannot be Empty]
at BAE_ROAD_TESTCASES.MessagePage_BaeRoad.MessageOptionMessageEmptyWritePostFunctionalityTest(MessagePage_BaeRoad.java:237)
at java.base/java.util.ArrayList.forEach(ArrayList.java:1540)
... Removed 32 stack frames]]>
    </failure>
  </testcase> <!-- MessageOptionMessageEmptyWritePostFunctionalityTest -->
  <testcase classname="BAE_ROAD_TESTCASES.MessagePage_BaeRoad" name="MessageOptionMessageConversationDeleteFunctionalityTest" time="0.0">
    <ignored/>
  </testcase> <!-- MessageOptionMessageConversationDeleteFunctionalityTest -->
  <testcase classname="BAE_ROAD_TESTCASES.MessagePage_BaeRoad" name="MessageOptionInfluencerFollowerTipOptionFunctionalityTest" time="0.0">
    <ignored/>
  </testcase> <!-- MessageOptionInfluencerFollowerTipOptionFunctionalityTest -->
  <testcase classname="BAE_ROAD_TESTCASES.MessagePage_BaeRoad" name="SuccefulLogin" time="0.0">
    <ignored/>
  </testcase> <!-- SuccefulLogin -->
  <testcase classname="BAE_ROAD_TESTCASES.MessagePage_BaeRoad" name="MessageOptionMessageFreePhotoOrVideoUploadPostFunctionalityTest" time="0.0">
    <ignored/>
  </testcase> <!-- MessageOptionMessageFreePhotoOrVideoUploadPostFunctionalityTest -->
  <testcase classname="BAE_ROAD_TESTCASES.MessagePage_BaeRoad" name="MessageOptionInvalidSearchBoxFunctionalityTest" time="0.0">
    <ignored/>
  </testcase> <!-- MessageOptionInvalidSearchBoxFunctionalityTest -->
  <testcase classname="BAE_ROAD_TESTCASES.MessagePage_BaeRoad" name="MessageOptionMessagePaidWritePostFunctionalityTest" time="0.0">
    <ignored/>
  </testcase> <!-- MessageOptionMessagePaidWritePostFunctionalityTest -->
  <testcase classname="BAE_ROAD_TESTCASES.MessagePage_BaeRoad" name="MessageOptionMessageEmptyPhotoOrVideoUploadPostFunctionalityTest" time="0.0">
    <ignored/>
  </testcase> <!-- MessageOptionMessageEmptyPhotoOrVideoUploadPostFunctionalityTest -->
  <testcase classname="BAE_ROAD_TESTCASES.MessagePage_BaeRoad" name="MessageOptionMessageDeleteForEveryOnePostFunctionalityTest" time="0.0">
    <ignored/>
  </testcase> <!-- MessageOptionMessageDeleteForEveryOnePostFunctionalityTest -->
  <testcase classname="BAE_ROAD_TESTCASES.MessagePage_BaeRoad" name="MessageOptionMessagePaidPhotoOrVideoUploadPostFunctionalityTest" time="0.0">
    <ignored/>
  </testcase> <!-- MessageOptionMessagePaidPhotoOrVideoUploadPostFunctionalityTest -->
  <testcase classname="BAE_ROAD_TESTCASES.MessagePage_BaeRoad" name="MessageOptionMessageDeleteForMePostFunctionalityTest" time="0.0">
    <ignored/>
  </testcase> <!-- MessageOptionMessageDeleteForMePostFunctionalityTest -->
  <testcase classname="BAE_ROAD_TESTCASES.MessagePage_BaeRoad" name="MessageOptionBroadcastsFunctionalityTest" time="0.0">
    <ignored/>
  </testcase> <!-- MessageOptionBroadcastsFunctionalityTest -->
  <testcase classname="BAE_ROAD_TESTCASES.MessagePage_BaeRoad" name="MessageOptionMessageConversationCancelFunctionalityTest" time="0.0">
    <ignored/>
  </testcase> <!-- MessageOptionMessageConversationCancelFunctionalityTest -->
  <testcase classname="BAE_ROAD_TESTCASES.MessagePage_BaeRoad" name="MessageOptionMessageDeleteCancelPostFunctionalityTest" time="0.0">
    <ignored/>
  </testcase> <!-- MessageOptionMessageDeleteCancelPostFunctionalityTest -->
  <testcase classname="BAE_ROAD_TESTCASES.MessagePage_BaeRoad" name="MessageOptionMessageFreeWritePostFunctionalityTest" time="0.0">
    <ignored/>
  </testcase> <!-- MessageOptionMessageFreeWritePostFunctionalityTest -->
  <testcase classname="BAE_ROAD_TESTCASES.MessagePage_BaeRoad" name="MessageOptionSearchBoxFunctionalityTest" time="0.0">
    <ignored/>
  </testcase> <!-- MessageOptionSearchBoxFunctionalityTest -->
  <testcase classname="BAE_ROAD_TESTCASES.MessagePage_BaeRoad" name="MessageOptionMessageSendingFunctionalityTest" time="0.0">
    <ignored/>
  </testcase> <!-- MessageOptionMessageSendingFunctionalityTest -->
</testsuite> <!-- MessagePageTest BaeRoad(failed) -->
