<?xml version="1.0" encoding="UTF-8"?>
<!-- Generated by org.testng.reporters.JUnitXMLReporter -->
<testsuite ignored="16" hostname="DESKTOP-5PGD9M5" failures="0" tests="1" name="ProfilePageTest BaeRoad(failed)" time="39.495" errors="0" timestamp="2020-08-05T12:18:25 IST">
  <testcase classname="BAE_ROAD_TESTCASES.ProfilePage_BaeRoad" name="ProfilePageDisplyedPostEditing" time="11.806"/>
  <testcase classname="BAE_ROAD_TESTCASES.ProfilePage_BaeRoad" name="ProfilePageFollowingCountValidation" time="0.0">
    <ignored/>
  </testcase> <!-- ProfilePageFollowingCountValidation -->
  <testcase classname="BAE_ROAD_TESTCASES.ProfilePage_BaeRoad" name="ProfilePageMyFavoriteAddMultipleBae" time="0.0">
    <ignored/>
  </testcase> <!-- ProfilePageMyFavoriteAddMultipleBae -->
  <testcase classname="BAE_ROAD_TESTCASES.ProfilePage_BaeRoad" name="ProfilePageMyFavoriteRemoveMultipleBae" time="0.0">
    <ignored/>
  </testcase> <!-- ProfilePageMyFavoriteRemoveMultipleBae -->
  <testcase classname="BAE_ROAD_TESTCASES.ProfilePage_BaeRoad" name="ProfilePageToFollowersProfilePageNavigation" time="0.0">
    <ignored/>
  </testcase> <!-- ProfilePageToFollowersProfilePageNavigation -->
  <testcase classname="BAE_ROAD_TESTCASES.ProfilePage_BaeRoad" name="ProfilePageToFollowingProfilePageNavigation" time="0.0">
    <ignored/>
  </testcase> <!-- ProfilePageToFollowingProfilePageNavigation -->
  <testcase classname="BAE_ROAD_TESTCASES.ProfilePage_BaeRoad" name="ProfilePageDisplyedPostDeletion" time="0.0">
    <ignored/>
  </testcase> <!-- ProfilePageDisplyedPostDeletion -->
  <testcase classname="BAE_ROAD_TESTCASES.ProfilePage_BaeRoad" name="UploadingProfilePicture" time="0.0">
    <ignored/>
  </testcase> <!-- UploadingProfilePicture -->
  <testcase classname="BAE_ROAD_TESTCASES.ProfilePage_BaeRoad" name="ProfilePagePostEnabledOrNot" time="0.0">
    <ignored/>
  </testcase> <!-- ProfilePagePostEnabledOrNot -->
  <testcase classname="BAE_ROAD_TESTCASES.ProfilePage_BaeRoad" name="UploadingCoverPicture" time="0.0">
    <ignored/>
  </testcase> <!-- UploadingCoverPicture -->
  <testcase classname="BAE_ROAD_TESTCASES.ProfilePage_BaeRoad" name="VerifyingFollowersTipSendbuttonStatusTest" time="0.0">
    <ignored/>
  </testcase> <!-- VerifyingFollowersTipSendbuttonStatusTest -->
  <testcase classname="BAE_ROAD_TESTCASES.ProfilePage_BaeRoad" name="ProfilePageMyFavoriteAddTest" time="0.0">
    <ignored/>
  </testcase> <!-- ProfilePageMyFavoriteAddTest -->
  <testcase classname="BAE_ROAD_TESTCASES.ProfilePage_BaeRoad" name="ProfilePageMyFavoriteRemoveTest" time="0.0">
    <ignored/>
  </testcase> <!-- ProfilePageMyFavoriteRemoveTest -->
  <testcase classname="BAE_ROAD_TESTCASES.ProfilePage_BaeRoad" name="ProfilePageAboutShowdetailsValidation" time="0.0">
    <ignored/>
  </testcase> <!-- ProfilePageAboutShowdetailsValidation -->
  <testcase classname="BAE_ROAD_TESTCASES.ProfilePage_BaeRoad" name="SuccefulLogin" time="0.0">
    <ignored/>
  </testcase> <!-- SuccefulLogin -->
  <testcase classname="BAE_ROAD_TESTCASES.ProfilePage_BaeRoad" name="ProfilePageFollowersCountValidation" time="0.0">
    <ignored/>
  </testcase> <!-- ProfilePageFollowersCountValidation -->
  <testcase classname="BAE_ROAD_TESTCASES.ProfilePage_BaeRoad" name="VerifyingFollowersTipSendingOption" time="0.0">
    <ignored/>
  </testcase> <!-- VerifyingFollowersTipSendingOption -->
</testsuite> <!-- ProfilePageTest BaeRoad(failed) -->
